<?xml version="1.0" encoding="UTF-8"?>
<!-- Generated by org.testng.reporters.JUnitReportReporter -->
<testsuite skipped="0" hostname="Chaitanya4" name="test.day2" tests="2" failures="0" timestamp="29 Jun 2021 17:15:23 GMT" time="0.003" errors="0">
  <testcase name="PersonalLoanWebLogin" time="0.001" classname="test.day2"/>
  <testcase name="PersonalLoanMobileLogin" time="0.002" classname="test.day2"/>
</testsuite> <!-- test.day2 -->
