<?xml version="1.0" encoding="UTF-8"?>
<!-- Generated by org.testng.reporters.JUnitReportReporter -->
<testsuite skipped="0" hostname="Chaitanya4" name="test.goldLoan" tests="2" failures="0" timestamp="3 Jun 2021 13:31:54 GMT" time="0.000" errors="0">
  <testcase name="GoldLoanWebLogin" time="0.000" classname="test.goldLoan"/>
  <testcase name="GoldLoanMobileLogin" time="0.000" classname="test.goldLoan"/>
</testsuite> <!-- test.goldLoan -->
