<?xml version="1.0" encoding="UTF-8"?>
<!-- Generated by org.testng.reporters.JUnitReportReporter -->
<testsuite skipped="0" hostname="Chaitanya4" name="com.TestNg.practise.day2" tests="2" failures="0" timestamp="29 Jun 2021 17:19:58 GMT" time="0.004" errors="0">
  <testcase name="PersonalLoanWebLogin" time="0.002" classname="com.TestNg.practise.day2"/>
  <testcase name="PersonalLoanMobileLogin" time="0.002" classname="com.TestNg.practise.day2"/>
</testsuite> <!-- com.TestNg.practise.day2 -->
