<?xml version="1.0" encoding="UTF-8"?>
<!-- Generated by org.testng.reporters.JUnitReportReporter -->
<testsuite skipped="0" hostname="Chaitanya4" name="com.TestNg.practise.day1" tests="2" failures="0" timestamp="29 Jun 2021 17:19:58 GMT" time="0.019" errors="0">
  <testcase name="HomeloanWeblogin" time="0.004" classname="com.TestNg.practise.day1"/>
  <testcase name="HomeloanMobilelogin" time="0.015" classname="com.TestNg.practise.day1"/>
</testsuite> <!-- com.TestNg.practise.day1 -->
