<?xml version="1.0" encoding="UTF-8"?>
<!-- Generated by org.testng.reporters.JUnitReportReporter -->
<testsuite skipped="0" hostname="Chaitanya4" name="test.day3" tests="1" failures="0" timestamp="29 Jun 2021 17:15:23 GMT" time="0.002" errors="0">
  <testcase name="CarLoanWebLogin" time="0.002" classname="test.day3"/>
</testsuite> <!-- test.day3 -->
