<?xml version="1.0" encoding="UTF-8"?>
<!-- Generated by org.testng.reporters.JUnitReportReporter -->
<testsuite skipped="0" hostname="Chaitanya4" name="test.day1" tests="2" failures="0" timestamp="29 Jun 2021 17:15:23 GMT" time="0.043" errors="0">
  <testcase name="HomeloanWeblogin" time="0.003" classname="test.day1"/>
  <testcase name="HomeloanMobilelogin" time="0.040" classname="test.day1"/>
</testsuite> <!-- test.day1 -->
