<?xml version="1.0" encoding="UTF-8"?>
<!-- Generated by org.testng.reporters.JUnitReportReporter -->
<testsuite skipped="0" hostname="Chaitanya4" name="com.TestNg.practise.day3" tests="1" failures="0" timestamp="29 Jun 2021 17:19:58 GMT" time="0.001" errors="0">
  <testcase name="CarLoanWebLogin" time="0.001" classname="com.TestNg.practise.day3"/>
</testsuite> <!-- com.TestNg.practise.day3 -->
